0 info it worked if it ends with ok
1 verbose cli [ 'F:\\SoftwareInstallation\\nodejs\\node.exe',
1 verbose cli   'F:\\SoftwareInstallation\\nodejs\\node_modules\\npm\\bin\\npm-cli.js',
1 verbose cli   'run',
1 verbose cli   'mock' ]
2 info using npm@3.10.8
3 info using node@v6.9.1
4 verbose run-script [ 'premock', 'mock', 'postmock' ]
5 info lifecycle PDM@1.0.0~premock: PDM@1.0.0
6 silly lifecycle PDM@1.0.0~premock: no script for premock, continuing
7 info lifecycle PDM@1.0.0~mock: PDM@1.0.0
8 verbose lifecycle PDM@1.0.0~mock: unsafe-perm in lifecycle true
9 verbose lifecycle PDM@1.0.0~mock: PATH: F:\SoftwareInstallation\nodejs\node_modules\npm\bin\node-gyp-bin;E:\PassCode\portal\src\server_mock\node_modules\.bin;C:\Python27\;C:\Program Files (x86)\Intel\iCLS Client\;C:\Program Files\Intel\iCLS Client\;C:\windows\system32;C:\windows;C:\windows\System32\Wbem;C:\windows\System32\WindowsPowerShell\v1.0\;C:\Program Files (x86)\Intel\Intel(R) Management Engine Components\DAL;C:\Program Files\Intel\Intel(R) Management Engine Components\DAL;C:\Program Files (x86)\Intel\Intel(R) Management Engine Components\IPT;C:\Program Files\Intel\Intel(R) Management Engine Components\IPT;c:\Program Files (x86)\ATI Technologies\ATI.ACE\Core-Static;F:\SoftwareInstallation\Git\cmd;F:\SoftwareInstallation\m3-maven\apache-maven-3.3.9\bin;;C:\Program Files\Java\jdk1.8.0_102\bin;C:\Program Files\Java\jdk1.8.0_102\jre\bin;F:\SoftwareInstallation\python;C:\Program Files (x86)\MySQL\MySQL Fabric 1.5 & MySQL Utilities 1.5\;C:\Program Files (x86)\MySQL\MySQL Fabric 1.5 & MySQL Utilities 1.5\Doctrine extensions for PHP\;F:\SoftwareInstallation\nodejs\;C:\Python27;C:\Python27\Scripts;C:\Users\10165228\AppData\Roaming\npm
10 verbose lifecycle PDM@1.0.0~mock: CWD: E:\PassCode\portal\src\server_mock
11 silly lifecycle PDM@1.0.0~mock: Args: [ '/d /s /c', 'node ./server.js' ]
12 verbose stack Error: kill ENOSYS
12 verbose stack     at exports._errnoException (util.js:1026:11)
12 verbose stack     at process.kill (internal/process.js:172:13)
12 verbose stack     at process.listener (F:\SoftwareInstallation\nodejs\node_modules\npm\node_modules\npmlog\node_modules\gauge\node_modules\signal-exit\index.js:86:15)
12 verbose stack     at emitNone (events.js:91:20)
12 verbose stack     at process.emit (events.js:185:7)
12 verbose stack     at processEmit (F:\SoftwareInstallation\nodejs\node_modules\npm\node_modules\npmlog\node_modules\gauge\node_modules\signal-exit\index.js:146:32)
12 verbose stack     at processEmit (F:\SoftwareInstallation\nodejs\node_modules\npm\node_modules\npm-registry-client\node_modules\npmlog\node_modules\gauge\node_modules\signal-exit\index.js:146:32)
12 verbose stack     at Signal.wrap.onsignal (internal/process.js:199:44)
13 verbose cwd E:\PassCode\portal\src\server_mock
14 error Windows_NT 6.1.7601
15 error argv "F:\\SoftwareInstallation\\nodejs\\node.exe" "F:\\SoftwareInstallation\\nodejs\\node_modules\\npm\\bin\\npm-cli.js" "run" "mock"
16 error node v6.9.1
17 error npm  v3.10.8
18 error code ENOSYS
19 error errno ENOSYS
20 error syscall kill
21 error kill ENOSYS
22 error If you need help, you may report this error at:
22 error     <https://github.com/npm/npm/issues>
23 verbose exit [ 1, true ]
